PayPal\Core\PPHttpConnection: Connecting to https://api.sandbox.paypal.com/v1/oauth2/token
PayPal\Core\PPHttpConnection: Payload grant_type=client_credentials
PayPal\Core\PPHttpConnection: Adding header User-Agent: PayPalSDK/rest-sdk-php 0.6.0 (lang=PHP;v=5.3.10-1ubuntu3.11;bit=64;os=Linux_3.2.0-40-virtual;machine=x86_64;openssl=1.0.1;curl=7.22.0)
PayPal\Core\PPHttpConnection: Adding header Authorization: Basic QVdBa1poQkUtdXREQ1ZwWGJYbEpoc2JHMUt6NVFzSVpIWHVLNnZkWjdRaTNrYlMzb0kxMTN5NDQ1Vk9UOkVOV0ZqQkJOaEpkbXJ5Mmx2TTM5VmFrT0ViZ0t6a29qaXNJTXFtWVItbjNVUU93a18wRkItam4xVDNsbw==
PayPal\Core\PPHttpConnection: Adding header Accept: */*
PayPal\Core\PPHttpConnection: Connecting to https://api.sandbox.paypal.com/v1/payments/payment
PayPal\Core\PPHttpConnection: Payload {"intent":"sale","payer":{"payment_method":"credit_card","funding_instruments":[{"credit_card":{"type":"mastercard","number":"5295051011589153","expire_month":"06","expire_year":"2016","cvv2":"873","first_name":"mark","last_name":"harding"}}]},"transactions":[{"amount":{"currency":"USD","total":"10.00"},"description":"Minds: "}]}
PayPal\Core\PPHttpConnection: Adding header Content-Type: application/json
PayPal\Core\PPHttpConnection: Adding header User-Agent: PayPalSDK/rest-sdk-php 0.6.0 (lang=PHP;v=5.3.10-1ubuntu3.11;bit=64;os=Linux_3.2.0-40-virtual;machine=x86_64;openssl=1.0.1;curl=7.22.0)
PayPal\Core\PPHttpConnection: Adding header Authorization: Bearer A01555AyFkVobeCfGE0RFgnV-vDqWOTrwEVPl6Xe3k-8A8o
PayPal\Core\PPHttpConnection: Adding header PayPal-Request-Id: 16777296247097140924161263422
PayPal\Transport\PPRestCall: {"id":"PAY-4LG28539KJ965434UKP7VEII","create_time":"2014-08-28T16:00:33Z","update_time":"2014-08-28T16:00:35Z","state":"approved","intent":"sale","payer":{"payment_method":"credit_card","funding_instruments":[{"credit_card":{"type":"mastercard","number":"xxxxxxxxxxxx9153","expire_month":"6","expire_year":"2016","first_name":"mark","last_name":"harding"}}]},"transactions":[{"amount":{"total":"10.00","currency":"USD","details":{"subtotal":"10.00"}},"description":"Minds: ","related_resources":[{"sale":{"id":"4FX76744V6094115X","create_time":"2014-08-28T16:00:33Z","update_time":"2014-08-28T16:00:35Z","amount":{"total":"10.00","currency":"USD"},"state":"pending","parent_payment":"PAY-4LG28539KJ965434UKP7VEII","links":[{"href":"https://api.sandbox.paypal.com/v1/payments/sale/4FX76744V6094115X","rel":"self","method":"GET"},{"href":"https://api.sandbox.paypal.com/v1/payments/sale/4FX76744V6094115X/refund","rel":"refund","method":"POST"},{"href":"https://api.sandbox.paypal.com/v1/payments/payment/PAY-4LG28539KJ965434UKP7VEII","rel":"parent_payment","method":"GET"}]}}]}],"links":[{"href":"https://api.sandbox.paypal.com/v1/payments/payment/PAY-4LG28539KJ965434UKP7VEII","rel":"self","method":"GET"}]}
PayPal\Core\PPHttpConnection: Connecting to https://api.sandbox.paypal.com/v1/vault/credit-card
PayPal\Core\PPHttpConnection: Payload {"type":"mastercard","number":"5295051011589153","expire_month":"06","expire_year":"2016","cvv2":"873","first_name":"mark","last_name":"harding"}
PayPal\Core\PPHttpConnection: Adding header Content-Type: application/json
PayPal\Core\PPHttpConnection: Adding header User-Agent: PayPalSDK/rest-sdk-php 0.6.0 (lang=PHP;v=5.3.10-1ubuntu3.11;bit=64;os=Linux_3.2.0-40-virtual;machine=x86_64;openssl=1.0.1;curl=7.22.0)
PayPal\Core\PPHttpConnection: Adding header Authorization: Bearer A01555AyFkVobeCfGE0RFgnV-vDqWOTrwEVPl6Xe3k-8A8o
PayPal\Core\PPHttpConnection: Adding header PayPal-Request-Id: 16777296247097140924161263422
PayPal\Transport\PPRestCall: {"id":"CARD-9V267181WN033261XKP7VEJA","state":"ok","type":"mastercard","number":"xxxxxxxxxxxx9153","expire_month":"6","expire_year":"2016","first_name":"mark","last_name":"harding","valid_until":"2017-08-27T00:00:00Z","create_time":"2014-08-28T16:00:36Z","update_time":"2014-08-28T16:00:36Z","links":[{"href":"https://api.sandbox.paypal.com/v1/vault/credit-card/CARD-9V267181WN033261XKP7VEJA","rel":"self","method":"GET"},{"href":"https://api.sandbox.paypal.com/v1/vault/credit-card/CARD-9V267181WN033261XKP7VEJA","rel":"delete","method":"DELETE"},{"href":"https://api.sandbox.paypal.com/v1/vault/credit-card/CARD-9V267181WN033261XKP7VEJA","rel":"patch","method":"PATCH"}]}
PayPal\Core\PPHttpConnection: Connecting to https://api.sandbox.paypal.com/v1/oauth2/token
PayPal\Core\PPHttpConnection: Payload grant_type=client_credentials
PayPal\Core\PPHttpConnection: Adding header User-Agent: PayPalSDK/rest-sdk-php 0.6.0 (lang=PHP;v=5.3.10-1ubuntu3.11;bit=64;os=Linux_3.2.0-40-virtual;machine=x86_64;openssl=1.0.1;curl=7.22.0)
PayPal\Core\PPHttpConnection: Adding header Authorization: Basic QVdBa1poQkUtdXREQ1ZwWGJYbEpoc2JHMUt6NVFzSVpIWHVLNnZkWjdRaTNrYlMzb0kxMTN5NDQ1Vk9UOkVOV0ZqQkJOaEpkbXJ5Mmx2TTM5VmFrT0ViZ0t6a29qaXNJTXFtWVItbjNVUU93a18wRkItam4xVDNsbw==
PayPal\Core\PPHttpConnection: Adding header Accept: */*
PayPal\Core\PPHttpConnection: Connecting to https://api.sandbox.paypal.com/v1/payments/payment
PayPal\Core\PPHttpConnection: Payload {"intent":"sale","payer":{"payment_method":"credit_card","funding_instruments":[{"credit_card":{"type":"mastercard","number":"5295051011589153","expire_month":"02","expire_year":"2016","cvv2":"567","first_name":"MARK","last_name":"HARDING"}}]},"transactions":[{"amount":{"currency":"USD","total":"10.00"},"description":"Minds: "}]}
PayPal\Core\PPHttpConnection: Adding header Content-Type: application/json
PayPal\Core\PPHttpConnection: Adding header User-Agent: PayPalSDK/rest-sdk-php 0.6.0 (lang=PHP;v=5.3.10-1ubuntu3.11;bit=64;os=Linux_3.2.0-40-virtual;machine=x86_64;openssl=1.0.1;curl=7.22.0)
PayPal\Core\PPHttpConnection: Adding header Authorization: Bearer A015gCFCoYu5zQDO53htPVMO7sXRyx5zzkHlCXJTL5NB4ko
PayPal\Core\PPHttpConnection: Adding header PayPal-Request-Id: 1677729624701014092421028703
PayPal\Transport\PPRestCall: {"id":"PAY-2U445407MN307231JKP7VICA","create_time":"2014-08-28T16:08:40Z","update_time":"2014-08-28T16:08:41Z","state":"approved","intent":"sale","payer":{"payment_method":"credit_card","funding_instruments":[{"credit_card":{"type":"mastercard","number":"xxxxxxxxxxxx9153","expire_month":"2","expire_year":"2016","first_name":"MARK","last_name":"HARDING"}}]},"transactions":[{"amount":{"total":"10.00","currency":"USD","details":{"subtotal":"10.00"}},"description":"Minds: ","related_resources":[{"sale":{"id":"7U136351GX8581718","create_time":"2014-08-28T16:08:40Z","update_time":"2014-08-28T16:08:41Z","amount":{"total":"10.00","currency":"USD"},"state":"pending","parent_payment":"PAY-2U445407MN307231JKP7VICA","links":[{"href":"https://api.sandbox.paypal.com/v1/payments/sale/7U136351GX8581718","rel":"self","method":"GET"},{"href":"https://api.sandbox.paypal.com/v1/payments/sale/7U136351GX8581718/refund","rel":"refund","method":"POST"},{"href":"https://api.sandbox.paypal.com/v1/payments/payment/PAY-2U445407MN307231JKP7VICA","rel":"parent_payment","method":"GET"}]}}]}],"links":[{"href":"https://api.sandbox.paypal.com/v1/payments/payment/PAY-2U445407MN307231JKP7VICA","rel":"self","method":"GET"}]}
PayPal\Core\PPHttpConnection: Connecting to https://api.sandbox.paypal.com/v1/vault/credit-card
PayPal\Core\PPHttpConnection: Payload {"type":"mastercard","number":"5295051011589153","expire_month":"02","expire_year":"2016","cvv2":"567","first_name":"MARK","last_name":"HARDING"}
PayPal\Core\PPHttpConnection: Adding header Content-Type: application/json
PayPal\Core\PPHttpConnection: Adding header User-Agent: PayPalSDK/rest-sdk-php 0.6.0 (lang=PHP;v=5.3.10-1ubuntu3.11;bit=64;os=Linux_3.2.0-40-virtual;machine=x86_64;openssl=1.0.1;curl=7.22.0)
PayPal\Core\PPHttpConnection: Adding header Authorization: Bearer A015gCFCoYu5zQDO53htPVMO7sXRyx5zzkHlCXJTL5NB4ko
PayPal\Core\PPHttpConnection: Adding header PayPal-Request-Id: 1677729624701014092421028703
PayPal\Transport\PPRestCall: {"id":"CARD-8E540944SX357610BKP7VICQ","state":"ok","type":"mastercard","number":"xxxxxxxxxxxx9153","expire_month":"2","expire_year":"2016","first_name":"MARK","last_name":"HARDING","valid_until":"2017-08-27T00:00:00Z","create_time":"2014-08-28T16:08:42Z","update_time":"2014-08-28T16:08:42Z","links":[{"href":"https://api.sandbox.paypal.com/v1/vault/credit-card/CARD-8E540944SX357610BKP7VICQ","rel":"self","method":"GET"},{"href":"https://api.sandbox.paypal.com/v1/vault/credit-card/CARD-8E540944SX357610BKP7VICQ","rel":"delete","method":"DELETE"},{"href":"https://api.sandbox.paypal.com/v1/vault/credit-card/CARD-8E540944SX357610BKP7VICQ","rel":"patch","method":"PATCH"}]}
PayPal\Core\PPHttpConnection: Connecting to https://api.sandbox.paypal.com/v1/oauth2/token
PayPal\Core\PPHttpConnection: Payload grant_type=client_credentials
PayPal\Core\PPHttpConnection: Adding header User-Agent: PayPalSDK/rest-sdk-php 0.6.0 (lang=PHP;v=5.3.10-1ubuntu3.11;bit=64;os=Linux_3.2.0-40-virtual;machine=x86_64;openssl=1.0.1;curl=7.22.0)
PayPal\Core\PPHttpConnection: Adding header Authorization: Basic QVdBa1poQkUtdXREQ1ZwWGJYbEpoc2JHMUt6NVFzSVpIWHVLNnZkWjdRaTNrYlMzb0kxMTN5NDQ1Vk9UOkVOV0ZqQkJOaEpkbXJ5Mmx2TTM5VmFrT0ViZ0t6a29qaXNJTXFtWVItbjNVUU93a18wRkItam4xVDNsbw==
PayPal\Core\PPHttpConnection: Adding header Accept: */*
PayPal\Core\PPHttpConnection: Connecting to https://api.sandbox.paypal.com/v1/payments/payment
PayPal\Core\PPHttpConnection: Payload {"intent":"sale","payer":{"payment_method":"credit_card","funding_instruments":[{"credit_card":{"type":"visa","number":"4737026001699518","expire_month":"12","expire_year":"2015","cvv2":"040","first_name":"WIlliam","last_name":"Ottman"}}]},"transactions":[{"amount":{"currency":"USD","total":"10.00"},"description":"Minds: "}]}
PayPal\Core\PPHttpConnection: Adding header Content-Type: application/json
PayPal\Core\PPHttpConnection: Adding header User-Agent: PayPalSDK/rest-sdk-php 0.6.0 (lang=PHP;v=5.3.10-1ubuntu3.11;bit=64;os=Linux_3.2.0-40-virtual;machine=x86_64;openssl=1.0.1;curl=7.22.0)
PayPal\Core\PPHttpConnection: Adding header Authorization: Bearer A0150wRaYSplpBUUT3WczNNTMDa8f1FUw4mNjGdT-ttTS84
PayPal\Core\PPHttpConnection: Adding header PayPal-Request-Id: 16777296247012140924219526521
PayPal\Transport\PPRestCall: {"id":"PAY-98L83859HA319573GKP7VIZA","create_time":"2014-08-28T16:10:12Z","update_time":"2014-08-28T16:10:15Z","state":"approved","intent":"sale","payer":{"payment_method":"credit_card","funding_instruments":[{"credit_card":{"type":"visa","number":"xxxxxxxxxxxx9518","expire_month":"12","expire_year":"2015","first_name":"WIlliam","last_name":"Ottman"}}]},"transactions":[{"amount":{"total":"10.00","currency":"USD","details":{"subtotal":"10.00"}},"description":"Minds: ","related_resources":[{"sale":{"id":"3NL32798MB040032D","create_time":"2014-08-28T16:10:12Z","update_time":"2014-08-28T16:10:15Z","amount":{"total":"10.00","currency":"USD"},"state":"pending","parent_payment":"PAY-98L83859HA319573GKP7VIZA","links":[{"href":"https://api.sandbox.paypal.com/v1/payments/sale/3NL32798MB040032D","rel":"self","method":"GET"},{"href":"https://api.sandbox.paypal.com/v1/payments/sale/3NL32798MB040032D/refund","rel":"refund","method":"POST"},{"href":"https://api.sandbox.paypal.com/v1/payments/payment/PAY-98L83859HA319573GKP7VIZA","rel":"parent_payment","method":"GET"}]}}]}],"links":[{"href":"https://api.sandbox.paypal.com/v1/payments/payment/PAY-98L83859HA319573GKP7VIZA","rel":"self","method":"GET"}]}
PayPal\Core\PPHttpConnection: Connecting to https://api.sandbox.paypal.com/v1/vault/credit-card
PayPal\Core\PPHttpConnection: Payload {"type":"visa","number":"4737026001699518","expire_month":"12","expire_year":"2015","cvv2":"040","first_name":"WIlliam","last_name":"Ottman"}
PayPal\Core\PPHttpConnection: Adding header Content-Type: application/json
PayPal\Core\PPHttpConnection: Adding header User-Agent: PayPalSDK/rest-sdk-php 0.6.0 (lang=PHP;v=5.3.10-1ubuntu3.11;bit=64;os=Linux_3.2.0-40-virtual;machine=x86_64;openssl=1.0.1;curl=7.22.0)
PayPal\Core\PPHttpConnection: Adding header Authorization: Bearer A0150wRaYSplpBUUT3WczNNTMDa8f1FUw4mNjGdT-ttTS84
PayPal\Core\PPHttpConnection: Adding header PayPal-Request-Id: 16777296247012140924219526521
PayPal\Transport\PPRestCall: {"id":"CARD-38M72505BG452670BKP7VIZY","state":"ok","type":"visa","number":"xxxxxxxxxxxx9518","expire_month":"12","expire_year":"2015","first_name":"WIlliam","last_name":"Ottman","valid_until":"2017-08-27T00:00:00Z","create_time":"2014-08-28T16:10:15Z","update_time":"2014-08-28T16:10:15Z","links":[{"href":"https://api.sandbox.paypal.com/v1/vault/credit-card/CARD-38M72505BG452670BKP7VIZY","rel":"self","method":"GET"},{"href":"https://api.sandbox.paypal.com/v1/vault/credit-card/CARD-38M72505BG452670BKP7VIZY","rel":"delete","method":"DELETE"},{"href":"https://api.sandbox.paypal.com/v1/vault/credit-card/CARD-38M72505BG452670BKP7VIZY","rel":"patch","method":"PATCH"}]}
PayPal\Core\PPHttpConnection: Connecting to https://api.sandbox.paypal.com/v1/oauth2/token
PayPal\Core\PPHttpConnection: Payload grant_type=client_credentials
PayPal\Core\PPHttpConnection: Adding header User-Agent: PayPalSDK/rest-sdk-php 0.6.0 (lang=PHP;v=5.3.10-1ubuntu3.11;bit=64;os=Linux_3.2.0-40-virtual;machine=x86_64;openssl=1.0.1;curl=7.22.0)
PayPal\Core\PPHttpConnection: Adding header Authorization: Basic QVdBa1poQkUtdXREQ1ZwWGJYbEpoc2JHMUt6NVFzSVpIWHVLNnZkWjdRaTNrYlMzb0kxMTN5NDQ1Vk9UOkVOV0ZqQkJOaEpkbXJ5Mmx2TTM5VmFrT0ViZ0t6a29qaXNJTXFtWVItbjNVUU93a18wRkItam4xVDNsbw==
PayPal\Core\PPHttpConnection: Adding header Accept: */*
PayPal\Core\PPHttpConnection: Connecting to https://api.sandbox.paypal.com/v1/payments/payment
PayPal\Core\PPHttpConnection: Payload {"intent":"sale","payer":{"payment_method":"credit_card","funding_instruments":[{"credit_card":{"type":"visa","number":"4737026001699518","expire_month":"12","expire_year":"2015","cvv2":"040","first_name":"William","last_name":"Ottman"}}]},"transactions":[{"amount":{"currency":"USD","total":"10.00"},"description":"Minds: "}]}
PayPal\Core\PPHttpConnection: Adding header Content-Type: application/json
PayPal\Core\PPHttpConnection: Adding header User-Agent: PayPalSDK/rest-sdk-php 0.6.0 (lang=PHP;v=5.3.10-1ubuntu3.11;bit=64;os=Linux_3.2.0-40-virtual;machine=x86_64;openssl=1.0.1;curl=7.22.0)
PayPal\Core\PPHttpConnection: Adding header Authorization: Bearer A015pkiPv7xzuLYRZGz4ZwMjCjsPe0flyItKQxEkvX7w7hM
PayPal\Core\PPHttpConnection: Adding header PayPal-Request-Id: 16777296248190140928439065280
PayPal\Transport\PPRestCall: {"id":"PAY-0PH463445X1016811KP77SOQ","create_time":"2014-08-29T03:53:30Z","update_time":"2014-08-29T03:53:32Z","state":"approved","intent":"sale","payer":{"payment_method":"credit_card","funding_instruments":[{"credit_card":{"type":"visa","number":"xxxxxxxxxxxx9518","expire_month":"12","expire_year":"2015","first_name":"William","last_name":"Ottman"}}]},"transactions":[{"amount":{"total":"10.00","currency":"USD","details":{"subtotal":"10.00"}},"description":"Minds: ","related_resources":[{"sale":{"id":"66616785N6313554H","create_time":"2014-08-29T03:53:30Z","update_time":"2014-08-29T03:53:32Z","amount":{"total":"10.00","currency":"USD"},"state":"pending","parent_payment":"PAY-0PH463445X1016811KP77SOQ","links":[{"href":"https://api.sandbox.paypal.com/v1/payments/sale/66616785N6313554H","rel":"self","method":"GET"},{"href":"https://api.sandbox.paypal.com/v1/payments/sale/66616785N6313554H/refund","rel":"refund","method":"POST"},{"href":"https://api.sandbox.paypal.com/v1/payments/payment/PAY-0PH463445X1016811KP77SOQ","rel":"parent_payment","method":"GET"}]}}]}],"links":[{"href":"https://api.sandbox.paypal.com/v1/payments/payment/PAY-0PH463445X1016811KP77SOQ","rel":"self","method":"GET"}]}
PayPal\Core\PPHttpConnection: Connecting to https://api.sandbox.paypal.com/v1/vault/credit-card
PayPal\Core\PPHttpConnection: Payload {"type":"visa","number":"4737026001699518","expire_month":"12","expire_year":"2015","cvv2":"040","first_name":"William","last_name":"Ottman"}
PayPal\Core\PPHttpConnection: Adding header Content-Type: application/json
PayPal\Core\PPHttpConnection: Adding header User-Agent: PayPalSDK/rest-sdk-php 0.6.0 (lang=PHP;v=5.3.10-1ubuntu3.11;bit=64;os=Linux_3.2.0-40-virtual;machine=x86_64;openssl=1.0.1;curl=7.22.0)
PayPal\Core\PPHttpConnection: Adding header Authorization: Bearer A015pkiPv7xzuLYRZGz4ZwMjCjsPe0flyItKQxEkvX7w7hM
PayPal\Core\PPHttpConnection: Adding header PayPal-Request-Id: 16777296248190140928439065280
PayPal\Transport\PPRestCall: {"id":"CARD-2VY35102E9164281KKP77SPA","state":"ok","type":"visa","number":"xxxxxxxxxxxx9518","expire_month":"12","expire_year":"2015","first_name":"William","last_name":"Ottman","valid_until":"2017-08-28T00:00:00Z","create_time":"2014-08-29T03:53:32Z","update_time":"2014-08-29T03:53:32Z","links":[{"href":"https://api.sandbox.paypal.com/v1/vault/credit-card/CARD-2VY35102E9164281KKP77SPA","rel":"self","method":"GET"},{"href":"https://api.sandbox.paypal.com/v1/vault/credit-card/CARD-2VY35102E9164281KKP77SPA","rel":"delete","method":"DELETE"},{"href":"https://api.sandbox.paypal.com/v1/vault/credit-card/CARD-2VY35102E9164281KKP77SPA","rel":"patch","method":"PATCH"}]}
PayPal\Core\PPHttpConnection: Connecting to https://api.sandbox.paypal.com/v1/oauth2/token
PayPal\Core\PPHttpConnection: Payload grant_type=client_credentials
PayPal\Core\PPHttpConnection: Adding header User-Agent: PayPalSDK/rest-sdk-php 0.6.0 (lang=PHP;v=5.3.10-1ubuntu3.11;bit=64;os=Linux_3.2.0-40-virtual;machine=x86_64;openssl=1.0.1;curl=7.22.0)
PayPal\Core\PPHttpConnection: Adding header Authorization: Basic QVdBa1poQkUtdXREQ1ZwWGJYbEpoc2JHMUt6NVFzSVpIWHVLNnZkWjdRaTNrYlMzb0kxMTN5NDQ1Vk9UOkVOV0ZqQkJOaEpkbXJ5Mmx2TTM5VmFrT0ViZ0t6a29qaXNJTXFtWVItbjNVUU93a18wRkItam4xVDNsbw==
PayPal\Core\PPHttpConnection: Adding header Accept: */*
PayPal\Core\PPHttpConnection: Connecting to https://api.sandbox.paypal.com/v1/payments/payment
PayPal\Core\PPHttpConnection: Payload {"intent":"sale","payer":{"payment_method":"credit_card","funding_instruments":[{"credit_card":{"type":null,"number":null,"expire_month":null,"expire_year":null,"cvv2":null,"first_name":null,"last_name":null}}]},"transactions":[{"amount":{"currency":"USD","total":".00"},"description":"Minds: "}]}
PayPal\Core\PPHttpConnection: Adding header Content-Type: application/json
PayPal\Core\PPHttpConnection: Adding header User-Agent: PayPalSDK/rest-sdk-php 0.6.0 (lang=PHP;v=5.3.10-1ubuntu3.11;bit=64;os=Linux_3.2.0-40-virtual;machine=x86_64;openssl=1.0.1;curl=7.22.0)
PayPal\Core\PPHttpConnection: Adding header Authorization: Bearer A015AdrYxllugdDI1on4O0a4T5mDWgVZsb.ZIAojfQq7SRk
PayPal\Core\PPHttpConnection: Adding header PayPal-Request-Id: 16777296248519140929073563568
PayPal\Core\PPHttpConnection: Connecting to https://api.sandbox.paypal.com/v1/oauth2/token
PayPal\Core\PPHttpConnection: Payload grant_type=client_credentials
PayPal\Core\PPHttpConnection: Adding header User-Agent: PayPalSDK/rest-sdk-php 0.6.0 (lang=PHP;v=5.3.10-1ubuntu3.11;bit=64;os=Linux_3.2.0-40-virtual;machine=x86_64;openssl=1.0.1;curl=7.22.0)
PayPal\Core\PPHttpConnection: Adding header Authorization: Basic QVdBa1poQkUtdXREQ1ZwWGJYbEpoc2JHMUt6NVFzSVpIWHVLNnZkWjdRaTNrYlMzb0kxMTN5NDQ1Vk9UOkVOV0ZqQkJOaEpkbXJ5Mmx2TTM5VmFrT0ViZ0t6a29qaXNJTXFtWVItbjNVUU93a18wRkItam4xVDNsbw==
PayPal\Core\PPHttpConnection: Adding header Accept: */*
PayPal\Core\PPHttpConnection: Connecting to https://api.sandbox.paypal.com/v1/payments/payment
PayPal\Core\PPHttpConnection: Payload {"intent":"sale","payer":{"payment_method":"credit_card","funding_instruments":[{"credit_card":{"type":"amex","number":"371559788141014","expire_month":"06","expire_year":"2017","cvv2":"4365","first_name":"William","last_name":"Ottman"}}]},"transactions":[{"amount":{"currency":"USD","total":"10.00"},"description":"Minds: "}]}
PayPal\Core\PPHttpConnection: Adding header Content-Type: application/json
PayPal\Core\PPHttpConnection: Adding header User-Agent: PayPalSDK/rest-sdk-php 0.6.0 (lang=PHP;v=5.3.10-1ubuntu3.11;bit=64;os=Linux_3.2.0-40-virtual;machine=x86_64;openssl=1.0.1;curl=7.22.0)
PayPal\Core\PPHttpConnection: Adding header Authorization: Bearer A015EAscpUAedQdC0lZg674Bdh6PEzfhsWIiFHcI1m3aNO4
PayPal\Core\PPHttpConnection: Adding header PayPal-Request-Id: 16777296267825140985743213218
PayPal\Core\PPHttpConnection: Connecting to https://api.sandbox.paypal.com/v1/oauth2/token
PayPal\Core\PPHttpConnection: Payload grant_type=client_credentials
PayPal\Core\PPHttpConnection: Adding header User-Agent: PayPalSDK/rest-sdk-php 0.6.0 (lang=PHP;v=5.3.10-1ubuntu3.11;bit=64;os=Linux_3.2.0-40-virtual;machine=x86_64;openssl=1.0.1;curl=7.22.0)
PayPal\Core\PPHttpConnection: Adding header Authorization: Basic QVdBa1poQkUtdXREQ1ZwWGJYbEpoc2JHMUt6NVFzSVpIWHVLNnZkWjdRaTNrYlMzb0kxMTN5NDQ1Vk9UOkVOV0ZqQkJOaEpkbXJ5Mmx2TTM5VmFrT0ViZ0t6a29qaXNJTXFtWVItbjNVUU93a18wRkItam4xVDNsbw==
PayPal\Core\PPHttpConnection: Adding header Accept: */*
PayPal\Core\PPHttpConnection: Connecting to https://api.sandbox.paypal.com/v1/payments/payment
PayPal\Core\PPHttpConnection: Payload {"intent":"sale","payer":{"payment_method":"credit_card","funding_instruments":[{"credit_card":{"type":"amex","number":"371559788141014","expire_month":"06","expire_year":"2017","cvv2":"4365","first_name":"William","last_name":"Ottman"}}]},"transactions":[{"amount":{"currency":"USD","total":"10.00"},"description":"Minds: "}]}
PayPal\Core\PPHttpConnection: Adding header Content-Type: application/json
PayPal\Core\PPHttpConnection: Adding header User-Agent: PayPalSDK/rest-sdk-php 0.6.0 (lang=PHP;v=5.3.10-1ubuntu3.11;bit=64;os=Linux_3.2.0-40-virtual;machine=x86_64;openssl=1.0.1;curl=7.22.0)
PayPal\Core\PPHttpConnection: Adding header Authorization: Bearer A015Dylqn78uNS.g5WzALdvEJvG.IJf8b-yxqD0rEXs-wRs
PayPal\Core\PPHttpConnection: Adding header PayPal-Request-Id: 16777296268083140985759350572
PayPal\Core\PPHttpConnection: Connecting to https://api.paypal.com/v1/oauth2/token
PayPal\Core\PPHttpConnection: Payload grant_type=client_credentials
PayPal\Core\PPHttpConnection: Adding header User-Agent: PayPalSDK/rest-sdk-php 0.6.0 (lang=PHP;v=5.3.10-1ubuntu3.11;bit=64;os=Linux_3.2.0-40-virtual;machine=x86_64;openssl=1.0.1;curl=7.22.0)
PayPal\Core\PPHttpConnection: Adding header Authorization: Basic QVRBQnlCQTd3VmxuNW9reTJYS2tnbEVvSDdrMERKbVpWT3ozUy1ER0pZa3JOckhjSWpaQ2RYMUhITHdIOkVBSmZJaENaWEdvNkw0WUFpeUZqbHBQVktWc3Bqd0Q1cFlVYW5TUElEelRIVTBsUkxmOFNQMjJCWDJROQ==
PayPal\Core\PPHttpConnection: Adding header Accept: */*
PayPal\Core\PPHttpConnection: Connecting to https://api.paypal.com/v1/payments/payment
PayPal\Core\PPHttpConnection: Payload {"intent":"sale","payer":{"payment_method":"credit_card","funding_instruments":[{"credit_card":{"type":"amex","number":"371559788141014","expire_month":"06","expire_year":"2017","cvv2":"4365","first_name":"William","last_name":"Ottman"}}]},"transactions":[{"amount":{"currency":"USD","total":"10.00"},"description":"Minds: "}]}
PayPal\Core\PPHttpConnection: Adding header Content-Type: application/json
PayPal\Core\PPHttpConnection: Adding header User-Agent: PayPalSDK/rest-sdk-php 0.6.0 (lang=PHP;v=5.3.10-1ubuntu3.11;bit=64;os=Linux_3.2.0-40-virtual;machine=x86_64;openssl=1.0.1;curl=7.22.0)
PayPal\Core\PPHttpConnection: Adding header Authorization: Bearer A015EAjCLTr5eNhFf4MloylyNsdvY-3uE8foM-rH6KkFntw
PayPal\Core\PPHttpConnection: Adding header PayPal-Request-Id: 16777296268096140985765546804
PayPal\Transport\PPRestCall: {"id":"PAY-31G940673N006242VKQELREA","create_time":"2014-09-04T19:08:00Z","update_time":"2014-09-04T19:08:02Z","state":"approved","intent":"sale","payer":{"payment_method":"credit_card","funding_instruments":[{"credit_card":{"type":"amex","number":"xxxxxxxxxxx1014","expire_month":"6","expire_year":"2017","first_name":"William","last_name":"Ottman"}}]},"transactions":[{"amount":{"total":"10.00","currency":"USD","details":{"subtotal":"10.00"}},"description":"Minds: ","related_resources":[{"sale":{"id":"9JX78435HT6810821","create_time":"2014-09-04T19:08:00Z","update_time":"2014-09-04T19:08:02Z","amount":{"total":"10.00","currency":"USD"},"state":"completed","parent_payment":"PAY-31G940673N006242VKQELREA","links":[{"href":"https://api.paypal.com/v1/payments/sale/9JX78435HT6810821","rel":"self","method":"GET"},{"href":"https://api.paypal.com/v1/payments/sale/9JX78435HT6810821/refund","rel":"refund","method":"POST"},{"href":"https://api.paypal.com/v1/payments/payment/PAY-31G940673N006242VKQELREA","rel":"parent_payment","method":"GET"}]}}]}],"links":[{"href":"https://api.paypal.com/v1/payments/payment/PAY-31G940673N006242VKQELREA","rel":"self","method":"GET"}]}
PayPal\Core\PPHttpConnection: Connecting to https://api.paypal.com/v1/vault/credit-card
PayPal\Core\PPHttpConnection: Payload {"type":"amex","number":"371559788141014","expire_month":"06","expire_year":"2017","cvv2":"4365","first_name":"William","last_name":"Ottman"}
PayPal\Core\PPHttpConnection: Adding header Content-Type: application/json
PayPal\Core\PPHttpConnection: Adding header User-Agent: PayPalSDK/rest-sdk-php 0.6.0 (lang=PHP;v=5.3.10-1ubuntu3.11;bit=64;os=Linux_3.2.0-40-virtual;machine=x86_64;openssl=1.0.1;curl=7.22.0)
PayPal\Core\PPHttpConnection: Adding header Authorization: Bearer A015EAjCLTr5eNhFf4MloylyNsdvY-3uE8foM-rH6KkFntw
PayPal\Core\PPHttpConnection: Adding header PayPal-Request-Id: 16777296268096140985765546804
PayPal\Transport\PPRestCall: {"id":"CARD-38U40258AS235254FKQELREQ","state":"ok","type":"amex","number":"xxxxxxxxxxx1014","expire_month":"6","expire_year":"2017","first_name":"William","last_name":"Ottman","valid_until":"2017-09-03T00:00:00Z","create_time":"2014-09-04T19:08:02Z","update_time":"2014-09-04T19:08:02Z","links":[{"href":"https://api.paypal.com/v1/vault/credit-card/CARD-38U40258AS235254FKQELREQ","rel":"self","method":"GET"},{"href":"https://api.paypal.com/v1/vault/credit-card/CARD-38U40258AS235254FKQELREQ","rel":"delete","method":"DELETE"},{"href":"https://api.paypal.com/v1/vault/credit-card/CARD-38U40258AS235254FKQELREQ","rel":"patch","method":"PATCH"}]}
PayPal\Core\PPHttpConnection: Connecting to https://api.paypal.com/v1/oauth2/token
PayPal\Core\PPHttpConnection: Payload grant_type=client_credentials
PayPal\Core\PPHttpConnection: Adding header User-Agent: PayPalSDK/rest-sdk-php 0.6.0 (lang=PHP;v=5.3.10-1ubuntu3.11;bit=64;os=Linux_3.2.0-40-virtual;machine=x86_64;openssl=1.0.1;curl=7.22.0)
PayPal\Core\PPHttpConnection: Adding header Authorization: Basic QVRBQnlCQTd3VmxuNW9reTJYS2tnbEVvSDdrMERKbVpWT3ozUy1ER0pZa3JOckhjSWpaQ2RYMUhITHdIOkVBSmZJaENaWEdvNkw0WUFpeUZqbHBQVktWc3Bqd0Q1cFlVYW5TUElEelRIVTBsUkxmOFNQMjJCWDJROQ==
PayPal\Core\PPHttpConnection: Adding header Accept: */*
PayPal\Core\PPHttpConnection: Connecting to https://api.paypal.com/v1/payments/payment
PayPal\Core\PPHttpConnection: Payload {"intent":"sale","payer":{"payment_method":"credit_card","funding_instruments":[{"credit_card":{"type":null,"number":null,"expire_month":null,"expire_year":null,"cvv2":null,"first_name":null,"last_name":null}}]},"transactions":[{"amount":{"currency":"USD","total":".00"},"description":"Minds: "}]}
PayPal\Core\PPHttpConnection: Adding header Content-Type: application/json
PayPal\Core\PPHttpConnection: Adding header User-Agent: PayPalSDK/rest-sdk-php 0.6.0 (lang=PHP;v=5.3.10-1ubuntu3.11;bit=64;os=Linux_3.2.0-40-virtual;machine=x86_64;openssl=1.0.1;curl=7.22.0)
PayPal\Core\PPHttpConnection: Adding header Authorization: Bearer A015VTOTwQqR08Y0Icw82EAlNqghPVeOM.ZrKvszx7rxj9s
PayPal\Core\PPHttpConnection: Adding header PayPal-Request-Id: 16777296269343140990938528523
PayPal\Core\PPHttpConnection: Connecting to https://api.paypal.com/v1/oauth2/token
PayPal\Core\PPHttpConnection: Payload grant_type=client_credentials
PayPal\Core\PPHttpConnection: Adding header User-Agent: PayPalSDK/rest-sdk-php 0.6.0 (lang=PHP;v=5.3.10-1ubuntu3.11;bit=64;os=Linux_3.2.0-40-virtual;machine=x86_64;openssl=1.0.1;curl=7.22.0)
PayPal\Core\PPHttpConnection: Adding header Authorization: Basic QVRBQnlCQTd3VmxuNW9reTJYS2tnbEVvSDdrMERKbVpWT3ozUy1ER0pZa3JOckhjSWpaQ2RYMUhITHdIOkVBSmZJaENaWEdvNkw0WUFpeUZqbHBQVktWc3Bqd0Q1cFlVYW5TUElEelRIVTBsUkxmOFNQMjJCWDJROQ==
PayPal\Core\PPHttpConnection: Adding header Accept: */*
PayPal\Core\PPHttpConnection: Connecting to https://api.paypal.com/v1/payments/payment
PayPal\Core\PPHttpConnection: Payload {"intent":"sale","payer":{"payment_method":"credit_card","funding_instruments":[{"credit_card":{"type":"amex","number":"371559788141014","expire_month":"06","expire_year":"2016","cvv2":"4365","first_name":"Mark","last_name":"Harding"}}]},"transactions":[{"amount":{"currency":"USD","total":"10.00"},"description":"Minds: "}]}
PayPal\Core\PPHttpConnection: Adding header Content-Type: application/json
PayPal\Core\PPHttpConnection: Adding header User-Agent: PayPalSDK/rest-sdk-php 0.6.0 (lang=PHP;v=5.3.10-1ubuntu3.11;bit=64;os=Linux_3.2.0-40-virtual;machine=x86_64;openssl=1.0.1;curl=7.22.0)
PayPal\Core\PPHttpConnection: Adding header Authorization: Bearer A0159FNBEJvlEI6r8GWWASR8mbU2GF-lY56iIEeeTv1vtKE
PayPal\Core\PPHttpConnection: Adding header PayPal-Request-Id: 16777296270734140992981819846
PayPal\Transport\PPRestCall: {"id":"PAY-2MM76346K9928940WKQE5E5A","create_time":"2014-09-05T15:10:44Z","update_time":"2014-09-05T15:10:46Z","state":"approved","intent":"sale","payer":{"payment_method":"credit_card","funding_instruments":[{"credit_card":{"type":"amex","number":"xxxxxxxxxxx1014","expire_month":"6","expire_year":"2016","first_name":"Mark","last_name":"Harding"}}]},"transactions":[{"amount":{"total":"10.00","currency":"USD","details":{"subtotal":"10.00"}},"description":"Minds: ","related_resources":[{"sale":{"id":"47F7429865973410B","create_time":"2014-09-05T15:10:44Z","update_time":"2014-09-05T15:10:46Z","amount":{"total":"10.00","currency":"USD"},"state":"completed","parent_payment":"PAY-2MM76346K9928940WKQE5E5A","links":[{"href":"https://api.paypal.com/v1/payments/sale/47F7429865973410B","rel":"self","method":"GET"},{"href":"https://api.paypal.com/v1/payments/sale/47F7429865973410B/refund","rel":"refund","method":"POST"},{"href":"https://api.paypal.com/v1/payments/payment/PAY-2MM76346K9928940WKQE5E5A","rel":"parent_payment","method":"GET"}]}}]}],"links":[{"href":"https://api.paypal.com/v1/payments/payment/PAY-2MM76346K9928940WKQE5E5A","rel":"self","method":"GET"}]}
PayPal\Core\PPHttpConnection: Connecting to https://api.paypal.com/v1/vault/credit-card
PayPal\Core\PPHttpConnection: Payload {"type":"amex","number":"371559788141014","expire_month":"06","expire_year":"2016","cvv2":"4365","first_name":"Mark","last_name":"Harding"}
PayPal\Core\PPHttpConnection: Adding header Content-Type: application/json
PayPal\Core\PPHttpConnection: Adding header User-Agent: PayPalSDK/rest-sdk-php 0.6.0 (lang=PHP;v=5.3.10-1ubuntu3.11;bit=64;os=Linux_3.2.0-40-virtual;machine=x86_64;openssl=1.0.1;curl=7.22.0)
PayPal\Core\PPHttpConnection: Adding header Authorization: Bearer A0159FNBEJvlEI6r8GWWASR8mbU2GF-lY56iIEeeTv1vtKE
PayPal\Core\PPHttpConnection: Adding header PayPal-Request-Id: 16777296270734140992981819846
PayPal\Transport\PPRestCall: {"id":"CARD-9PN56192E27646055KQE5E5Y","state":"ok","type":"amex","number":"xxxxxxxxxxx1014","expire_month":"6","expire_year":"2016","first_name":"Mark","last_name":"Harding","valid_until":"2017-09-04T00:00:00Z","create_time":"2014-09-05T15:10:47Z","update_time":"2014-09-05T15:10:47Z","links":[{"href":"https://api.paypal.com/v1/vault/credit-card/CARD-9PN56192E27646055KQE5E5Y","rel":"self","method":"GET"},{"href":"https://api.paypal.com/v1/vault/credit-card/CARD-9PN56192E27646055KQE5E5Y","rel":"delete","method":"DELETE"},{"href":"https://api.paypal.com/v1/vault/credit-card/CARD-9PN56192E27646055KQE5E5Y","rel":"patch","method":"PATCH"}]}
PayPal\Core\PPHttpConnection: Connecting to https://api.paypal.com/v1/oauth2/token
PayPal\Core\PPHttpConnection: Payload grant_type=client_credentials
PayPal\Core\PPHttpConnection: Adding header User-Agent: PayPalSDK/rest-sdk-php 0.6.0 (lang=PHP;v=5.3.10-1ubuntu3.11;bit=64;os=Linux_3.2.0-40-virtual;machine=x86_64;openssl=1.0.1;curl=7.22.0)
PayPal\Core\PPHttpConnection: Adding header Authorization: Basic QVRBQnlCQTd3VmxuNW9reTJYS2tnbEVvSDdrMERKbVpWT3ozUy1ER0pZa3JOckhjSWpaQ2RYMUhITHdIOkVBSmZJaENaWEdvNkw0WUFpeUZqbHBQVktWc3Bqd0Q1cFlVYW5TUElEelRIVTBsUkxmOFNQMjJCWDJROQ==
PayPal\Core\PPHttpConnection: Adding header Accept: */*
PayPal\Core\PPHttpConnection: Connecting to https://api.paypal.com/v1/payments/payment
PayPal\Core\PPHttpConnection: Payload {"intent":"sale","payer":{"payment_method":"credit_card","funding_instruments":[{"credit_card":{"type":"amex","number":"372589540081009","expire_month":"11","expire_year":"2015","cvv2":"6131","first_name":"Margaret","last_name":"Ottman"}}]},"transactions":[{"amount":{"currency":"USD","total":"10.00"},"description":"Minds: "}]}
PayPal\Core\PPHttpConnection: Adding header Content-Type: application/json
PayPal\Core\PPHttpConnection: Adding header User-Agent: PayPalSDK/rest-sdk-php 0.6.0 (lang=PHP;v=5.3.10-1ubuntu3.11;bit=64;os=Linux_3.2.0-40-virtual;machine=x86_64;openssl=1.0.1;curl=7.22.0)
PayPal\Core\PPHttpConnection: Adding header Authorization: Bearer A015SVIn60JX3zAlTtAOAGwqX0HgbbirGT08QvFLi9UM480
PayPal\Core\PPHttpConnection: Adding header PayPal-Request-Id: 16777296286235141037822262373
PayPal\Transport\PPRestCall: {"id":"PAY-08P4701274639944MKQIKUDI","create_time":"2014-09-10T19:44:13Z","update_time":"2014-09-10T19:44:15Z","state":"approved","intent":"sale","payer":{"payment_method":"credit_card","funding_instruments":[{"credit_card":{"type":"amex","number":"xxxxxxxxxxx1009","expire_month":"11","expire_year":"2015","first_name":"Margaret","last_name":"Ottman"}}]},"transactions":[{"amount":{"total":"10.00","currency":"USD","details":{"subtotal":"10.00"}},"description":"Minds: ","related_resources":[{"sale":{"id":"8GV08369UU003131B","create_time":"2014-09-10T19:44:13Z","update_time":"2014-09-10T19:44:15Z","amount":{"total":"10.00","currency":"USD"},"state":"completed","parent_payment":"PAY-08P4701274639944MKQIKUDI","links":[{"href":"https://api.paypal.com/v1/payments/sale/8GV08369UU003131B","rel":"self","method":"GET"},{"href":"https://api.paypal.com/v1/payments/sale/8GV08369UU003131B/refund","rel":"refund","method":"POST"},{"href":"https://api.paypal.com/v1/payments/payment/PAY-08P4701274639944MKQIKUDI","rel":"parent_payment","method":"GET"}]}}]}],"links":[{"href":"https://api.paypal.com/v1/payments/payment/PAY-08P4701274639944MKQIKUDI","rel":"self","method":"GET"}]}
PayPal\Core\PPHttpConnection: Connecting to https://api.paypal.com/v1/vault/credit-card
PayPal\Core\PPHttpConnection: Payload {"type":"amex","number":"372589540081009","expire_month":"11","expire_year":"2015","cvv2":"6131","first_name":"Margaret","last_name":"Ottman"}
PayPal\Core\PPHttpConnection: Adding header Content-Type: application/json
PayPal\Core\PPHttpConnection: Adding header User-Agent: PayPalSDK/rest-sdk-php 0.6.0 (lang=PHP;v=5.3.10-1ubuntu3.11;bit=64;os=Linux_3.2.0-40-virtual;machine=x86_64;openssl=1.0.1;curl=7.22.0)
PayPal\Core\PPHttpConnection: Adding header Authorization: Bearer A015SVIn60JX3zAlTtAOAGwqX0HgbbirGT08QvFLi9UM480
PayPal\Core\PPHttpConnection: Adding header PayPal-Request-Id: 16777296286235141037822262373
PayPal\Transport\PPRestCall: {"id":"CARD-95A73609BU0338229KQIKUEA","state":"ok","type":"amex","number":"xxxxxxxxxxx1009","expire_month":"11","expire_year":"2015","first_name":"Margaret","last_name":"Ottman","valid_until":"2017-09-09T00:00:00Z","create_time":"2014-09-10T19:44:16Z","update_time":"2014-09-10T19:44:16Z","links":[{"href":"https://api.paypal.com/v1/vault/credit-card/CARD-95A73609BU0338229KQIKUEA","rel":"self","method":"GET"},{"href":"https://api.paypal.com/v1/vault/credit-card/CARD-95A73609BU0338229KQIKUEA","rel":"delete","method":"DELETE"},{"href":"https://api.paypal.com/v1/vault/credit-card/CARD-95A73609BU0338229KQIKUEA","rel":"patch","method":"PATCH"}]}
PayPal\Core\PPHttpConnection: Connecting to https://api.paypal.com/v1/oauth2/token
PayPal\Core\PPHttpConnection: Payload grant_type=client_credentials
PayPal\Core\PPHttpConnection: Adding header User-Agent: PayPalSDK/rest-sdk-php 0.6.0 (lang=PHP;v=5.3.10-1ubuntu3.11;bit=64;os=Linux_3.2.0-40-virtual;machine=x86_64;openssl=1.0.1;curl=7.22.0)
PayPal\Core\PPHttpConnection: Adding header Authorization: Basic QVRBQnlCQTd3VmxuNW9reTJYS2tnbEVvSDdrMERKbVpWT3ozUy1ER0pZa3JOckhjSWpaQ2RYMUhITHdIOkVBSmZJaENaWEdvNkw0WUFpeUZqbHBQVktWc3Bqd0Q1cFlVYW5TUElEelRIVTBsUkxmOFNQMjJCWDJROQ==
PayPal\Core\PPHttpConnection: Adding header Accept: */*
PayPal\Core\PPHttpConnection: Connecting to https://api.paypal.com/v1/payments/payment
PayPal\Core\PPHttpConnection: Payload {"intent":"sale","payer":{"payment_method":"credit_card","funding_instruments":[{"credit_card":{"type":null,"number":null,"expire_month":null,"expire_year":null,"cvv2":null,"first_name":null,"last_name":null}}]},"transactions":[{"amount":{"currency":"USD","total":".00"},"description":"Minds: "}]}
PayPal\Core\PPHttpConnection: Adding header Content-Type: application/json
PayPal\Core\PPHttpConnection: Adding header User-Agent: PayPalSDK/rest-sdk-php 0.6.0 (lang=PHP;v=5.3.10-1ubuntu3.11;bit=64;os=Linux_3.2.0-40-virtual;machine=x86_64;openssl=1.0.1;curl=7.22.0)
PayPal\Core\PPHttpConnection: Adding header Authorization: Bearer A015MakugWs79BuKTbzSRKtDOsHuN7sBms.ChZ-omIYNG48
PayPal\Core\PPHttpConnection: Adding header PayPal-Request-Id: 16777296290095141049194965477
PayPal\Core\PPHttpConnection: Connecting to https://api.paypal.com/v1/oauth2/token
PayPal\Core\PPHttpConnection: Payload grant_type=client_credentials
PayPal\Core\PPHttpConnection: Adding header User-Agent: PayPalSDK/rest-sdk-php 0.6.0 (lang=PHP;v=5.3.10-1ubuntu3.11;bit=64;os=Linux_3.2.0-40-virtual;machine=x86_64;openssl=1.0.1;curl=7.22.0)
PayPal\Core\PPHttpConnection: Adding header Authorization: Basic QVRBQnlCQTd3VmxuNW9reTJYS2tnbEVvSDdrMERKbVpWT3ozUy1ER0pZa3JOckhjSWpaQ2RYMUhITHdIOkVBSmZJaENaWEdvNkw0WUFpeUZqbHBQVktWc3Bqd0Q1cFlVYW5TUElEelRIVTBsUkxmOFNQMjJCWDJROQ==
PayPal\Core\PPHttpConnection: Adding header Accept: */*
PayPal\Core\PPHttpConnection: Connecting to https://api.paypal.com/v1/payments/payment
PayPal\Core\PPHttpConnection: Payload {"intent":"sale","payer":{"payment_method":"credit_card","funding_instruments":[{"credit_card":{"type":null,"number":null,"expire_month":null,"expire_year":null,"cvv2":null,"first_name":null,"last_name":null}}]},"transactions":[{"amount":{"currency":"USD","total":".00"},"description":"Minds: "}]}
PayPal\Core\PPHttpConnection: Adding header Content-Type: application/json
PayPal\Core\PPHttpConnection: Adding header User-Agent: PayPalSDK/rest-sdk-php 0.6.0 (lang=PHP;v=5.3.10-1ubuntu3.11;bit=64;os=Linux_3.2.0-40-virtual;machine=x86_64;openssl=1.0.1;curl=7.22.0)
PayPal\Core\PPHttpConnection: Adding header Authorization: Bearer A0153oGy4stv5yA6PY8fOKPE9362cCvsh00AlLltEl.xcpo
PayPal\Core\PPHttpConnection: Adding header PayPal-Request-Id: 16777296291677141054552965212
